Arguments: 
  /Users/jrvisualsllc/.nvm/versions/node/v14.16.1/bin/node /usr/local/Cellar/yarn/1.22.10/libexec/bin/yarn.js

PATH: 
  /Users/jrvisualsllc/.nvm/versions/node/v14.16.1/bin:/usr/local/bin:/usr/bin:/bin:/usr/sbin:/sbin:/usr/local/share/dotnet:/opt/X11/bin:~/.dotnet/tools:/Library/Frameworks/Mono.framework/Versions/Current/Commands:/Users/jrvisualsllc/.rvm/bin

Yarn version: 
  1.22.10

Node version: 
  14.16.1

Platform: 
  darwin x64

Trace: 
  SyntaxError: /Volumes/Kali/REPO/dcollage-pixijs-boilerplate/package.json: Unexpected token } in JSON at position 2046
      at JSON.parse (<anonymous>)
      at /usr/local/Cellar/yarn/1.22.10/libexec/lib/cli.js:1625:59
      at Generator.next (<anonymous>)
      at step (/usr/local/Cellar/yarn/1.22.10/libexec/lib/cli.js:310:30)
      at /usr/local/Cellar/yarn/1.22.10/libexec/lib/cli.js:321:13

npm manifest: 
  {
    "name": "dcollage",
    "version": "0.4.0",
    "description": "A digital collage boilerplate.",
    "main": "main.js",
    "repository": "https://github.com/jrod-disco/dcollage",
    "author": "jrod-disco <jrod.disco@gmail.com>",
    "license": "MIT",
    "private": false,
    "devDependencies": {
      "@microsoft/tsdoc": "^0.12.19",
      "@pixi/filter-shockwave": "^3.1.1",
      "@pixi/sound": "^4.0.1",
      "@rollup/plugin-commonjs": "^15.0.0",
      "@rollup/plugin-node-resolve": "^7.1.1",
      "@rollup/plugin-replace": "^2.3.3",
      "@rollup/plugin-strip": "^2.0.0",
      "@typescript-eslint/eslint-plugin": "2.34.0",
      "@typescript-eslint/parser": "2.34.0",
      "@zerollup/ts-transform-paths": "^1.7.18",
      "eslint": "^6.8.0",
      "gsap": "^3.6.0",
      "nw": "^0.47.3-sdk",
      "nwjs-builder-phoenix": "^1.15.0",
      "pixi-particles": "^4.3.0",
      "pixi.js": "6.0.2",
      "prettier": "^2.0.5",
      "rimraf": "^3.0.2",
      "rollup": "^2.26.4",
      "rollup-plugin-copy": "^3.3.0",
      "rollup-plugin-html2": "^2.0.0",
      "rollup-plugin-livereload": "^1.1.0",
      "rollup-plugin-scss": "^2.1.0",
      "rollup-plugin-serve": "^1.0.3",
      "rollup-plugin-terser": "^7.0.0",
      "rollup-plugin-typescript2": "^0.27.2",
      "sass": "^1.26.3",
      "tslib": "^2.0.1",
      "ttypescript": "^1.5.10",
      "typedoc": "^0.17.6",
      "typedoc-plugin-markdown": "^2.2.17",
      "typescript": "4.0.2"
    },
    "dependencies": {
      "firebase": "^7.18.0",
      "firebaseui": "^4.6.1"
    },
    "scripts": {
      "dev": "rollup -c -w --environment BUILD:dev",
      "clean": "rimraf dist && rimraf dist-nwjs",
      "prod": "rimraf dist && rollup -c --environment BUILD:clean",
      "build": "rimraf dist && rollup -c --environment BUILD:prod",
      "docs": "rimraf docs && npx typedoc --excludeExternals --entryPoint 'main' --stripInternal --readme none",
      "nwjs-start": "run --mac-x64 --mirror https://dl.nwjs.io/ ./dist",
      "nwjs-dist": "rimraf dist-nwjs && build --tasks mac-x64 --mirror https://dl.nwjs.io/ ./dist",
       "all-the-things": "yarn build && yarn nwjs-dist",
    }
  }

yarn manifest: 
  No manifest

Lockfile: 
  No lockfile
